[2019/2/14 下午 06:13:27]ExecuteGetDataTable_ERROR:無效的物件名稱 'Orders'。<
select o.*,c.CompanyName,EmpName=e.FirstName+e.LastName 
from Orders o
Left Join Customers c on c.CustomerID=o.CustomerID 
Left Join Employees e on e.EmployeeID=o.EmployeeID 
order by o.OrderDate>|
[2019/2/14 下午 06:13:47]ExecuteGetDataTable_ERROR:無效的物件名稱 'Orders'。<
select o.*,c.CompanyName,EmpName=e.FirstName+e.LastName 
from Orders o
Left Join Customers c on c.CustomerID=o.CustomerID 
Left Join Employees e on e.EmployeeID=o.EmployeeID 
order by o.OrderDate>|
[2019/2/14 下午 06:14:06]ExecuteGetDataTable_ERROR:無效的物件名稱 'Orders'。<
select o.*,c.CompanyName,EmpName=e.FirstName+e.LastName 
from Orders o
Left Join Customers c on c.CustomerID=o.CustomerID 
Left Join Employees e on e.EmployeeID=o.EmployeeID 
order by o.OrderDate>|
[2019/2/14 下午 06:15:32]ExecuteGetDataTable_ERROR:無效的物件名稱 'Orders'。<
select o.*,c.CompanyName,EmpName=e.FirstName+e.LastName 
from Orders o
Left Join Customers c on c.CustomerID=o.CustomerID 
Left Join Employees e on e.EmployeeID=o.EmployeeID 
order by o.OrderDate>|
